Performing C SOURCE FILE Test CMAKE_HAVE_LIBC_PTHREAD failed with the following output:
Change Dir: /shared/home/ccuser/ReproducibilityChallenge/run/scripts/.dacecache/auto_opt/build/CMakeFiles/CMakeTmp

Run Build Command(s):/usr/bin/make -f Makefile cmTC_b80a2/fast && /usr/bin/make  -f CMakeFiles/cmTC_b80a2.dir/build.make CMakeFiles/cmTC_b80a2.dir/build
make[1]: Entering directory '/shared/home/ccuser/ReproducibilityChallenge/run/scripts/.dacecache/auto_opt/build/CMakeFiles/CMakeTmp'
Building C object CMakeFiles/cmTC_b80a2.dir/src.c.o
/usr/bin/cc -DCMAKE_HAVE_LIBC_PTHREAD   -o CMakeFiles/cmTC_b80a2.dir/src.c.o -c /shared/home/ccuser/ReproducibilityChallenge/run/scripts/.dacecache/auto_opt/build/CMakeFiles/CMakeTmp/src.c
Linking C executable cmTC_b80a2
/shared/home/ccuser/ReproducibilityChallenge/compile/spack-0.18.1/opt/spack/linux-ubuntu20.04-skylake_avx512/gcc-9.3.0/cmake-3.23.1-vyfjulyyqe2a74k7unpe7hz55pirdj46/bin/cmake -E cmake_link_script CMakeFiles/cmTC_b80a2.dir/link.txt --verbose=1
/usr/bin/cc CMakeFiles/cmTC_b80a2.dir/src.c.o -o cmTC_b80a2 
/usr/bin/ld: CMakeFiles/cmTC_b80a2.dir/src.c.o: in function `main':
src.c:(.text+0x46): undefined reference to `pthread_create'
/usr/bin/ld: src.c:(.text+0x52): undefined reference to `pthread_detach'
/usr/bin/ld: src.c:(.text+0x5e): undefined reference to `pthread_cancel'
/usr/bin/ld: src.c:(.text+0x6f): undefined reference to `pthread_join'
collect2: error: ld returned 1 exit status
make[1]: *** [CMakeFiles/cmTC_b80a2.dir/build.make:99: cmTC_b80a2] Error 1
make[1]: Leaving directory '/shared/home/ccuser/ReproducibilityChallenge/run/scripts/.dacecache/auto_opt/build/CMakeFiles/CMakeTmp'
make: *** [Makefile:127: cmTC_b80a2/fast] Error 2


Source file was:
#include <pthread.h>

static void* test_func(void* data)
{
  return data;
}

int main(void)
{
  pthread_t thread;
  pthread_create(&thread, NULL, test_func, NULL);
  pthread_detach(thread);
  pthread_cancel(thread);
  pthread_join(thread, NULL);
  pthread_atfork(NULL, NULL, NULL);
  pthread_exit(NULL);

  return 0;
}

Determining if the function pthread_create exists in the pthreads failed with the following output:
Change Dir: /shared/home/ccuser/ReproducibilityChallenge/run/scripts/.dacecache/auto_opt/build/CMakeFiles/CMakeTmp

Run Build Command(s):/usr/bin/make -f Makefile cmTC_a5348/fast && /usr/bin/make  -f CMakeFiles/cmTC_a5348.dir/build.make CMakeFiles/cmTC_a5348.dir/build
make[1]: Entering directory '/shared/home/ccuser/ReproducibilityChallenge/run/scripts/.dacecache/auto_opt/build/CMakeFiles/CMakeTmp'
Building C object CMakeFiles/cmTC_a5348.dir/CheckFunctionExists.c.o
/usr/bin/cc   -DCHECK_FUNCTION_EXISTS=pthread_create -o CMakeFiles/cmTC_a5348.dir/CheckFunctionExists.c.o -c /shared/home/ccuser/ReproducibilityChallenge/compile/spack-0.18.1/opt/spack/linux-ubuntu20.04-skylake_avx512/gcc-9.3.0/cmake-3.23.1-vyfjulyyqe2a74k7unpe7hz55pirdj46/share/cmake-3.23/Modules/CheckFunctionExists.c
Linking C executable cmTC_a5348
/shared/home/ccuser/ReproducibilityChallenge/compile/spack-0.18.1/opt/spack/linux-ubuntu20.04-skylake_avx512/gcc-9.3.0/cmake-3.23.1-vyfjulyyqe2a74k7unpe7hz55pirdj46/bin/cmake -E cmake_link_script CMakeFiles/cmTC_a5348.dir/link.txt --verbose=1
/usr/bin/cc  -DCHECK_FUNCTION_EXISTS=pthread_create CMakeFiles/cmTC_a5348.dir/CheckFunctionExists.c.o -o cmTC_a5348  -lpthreads 
/usr/bin/ld: cannot find -lpthreads
collect2: error: ld returned 1 exit status
make[1]: *** [CMakeFiles/cmTC_a5348.dir/build.make:99: cmTC_a5348] Error 1
make[1]: Leaving directory '/shared/home/ccuser/ReproducibilityChallenge/run/scripts/.dacecache/auto_opt/build/CMakeFiles/CMakeTmp'
make: *** [Makefile:127: cmTC_a5348/fast] Error 2



