Performing C SOURCE FILE Test CMAKE_HAVE_LIBC_PTHREAD failed with the following output:
Change Dir: /shared/home/ccuser/ReproducibilityChallenge/run/scripts/.dacecache/atax/build/CMakeFiles/CMakeTmp

Run Build Command(s):/usr/bin/make -f Makefile cmTC_78354/fast && /usr/bin/make  -f CMakeFiles/cmTC_78354.dir/build.make CMakeFiles/cmTC_78354.dir/build
make[1]: Entering directory '/shared/home/ccuser/ReproducibilityChallenge/run/scripts/.dacecache/atax/build/CMakeFiles/CMakeTmp'
Building C object CMakeFiles/cmTC_78354.dir/src.c.o
/shared/home/ccuser/ReproducibilityChallenge/compile/spack-0.18.1/opt/spack/linux-ubuntu18.04-zen/gcc-7.5.0/gcc-10.2.0-s24g77kg7o56escg2hn44tvbrwxg7pwh/bin/gcc -DCMAKE_HAVE_LIBC_PTHREAD   -o CMakeFiles/cmTC_78354.dir/src.c.o -c /shared/home/ccuser/ReproducibilityChallenge/run/scripts/.dacecache/atax/build/CMakeFiles/CMakeTmp/src.c
Linking C executable cmTC_78354
/shared/home/ccuser/ReproducibilityChallenge/compile/spack-0.18.1/opt/spack/linux-ubuntu18.04-skylake_avx512/gcc-10.2.0/cmake-3.23.1-7fbvfttztcajdfy7n7uqczwpopzdbecr/bin/cmake -E cmake_link_script CMakeFiles/cmTC_78354.dir/link.txt --verbose=1
/shared/home/ccuser/ReproducibilityChallenge/compile/spack-0.18.1/opt/spack/linux-ubuntu18.04-zen/gcc-7.5.0/gcc-10.2.0-s24g77kg7o56escg2hn44tvbrwxg7pwh/bin/gcc CMakeFiles/cmTC_78354.dir/src.c.o -o cmTC_78354 
CMakeFiles/cmTC_78354.dir/src.c.o: In function `main':
src.c:(.text+0x2d): undefined reference to `pthread_create'
src.c:(.text+0x39): undefined reference to `pthread_detach'
src.c:(.text+0x45): undefined reference to `pthread_cancel'
src.c:(.text+0x56): undefined reference to `pthread_join'
src.c:(.text+0x6a): undefined reference to `pthread_atfork'
collect2: error: ld returned 1 exit status
CMakeFiles/cmTC_78354.dir/build.make:98: recipe for target 'cmTC_78354' failed
make[1]: *** [cmTC_78354] Error 1
make[1]: Leaving directory '/shared/home/ccuser/ReproducibilityChallenge/run/scripts/.dacecache/atax/build/CMakeFiles/CMakeTmp'
Makefile:127: recipe for target 'cmTC_78354/fast' failed
make: *** [cmTC_78354/fast] Error 2


Source file was:
#include <pthread.h>

static void* test_func(void* data)
{
  return data;
}

int main(void)
{
  pthread_t thread;
  pthread_create(&thread, NULL, test_func, NULL);
  pthread_detach(thread);
  pthread_cancel(thread);
  pthread_join(thread, NULL);
  pthread_atfork(NULL, NULL, NULL);
  pthread_exit(NULL);

  return 0;
}

Determining if the function pthread_create exists in the pthreads failed with the following output:
Change Dir: /shared/home/ccuser/ReproducibilityChallenge/run/scripts/.dacecache/atax/build/CMakeFiles/CMakeTmp

Run Build Command(s):/usr/bin/make -f Makefile cmTC_5ab44/fast && /usr/bin/make  -f CMakeFiles/cmTC_5ab44.dir/build.make CMakeFiles/cmTC_5ab44.dir/build
make[1]: Entering directory '/shared/home/ccuser/ReproducibilityChallenge/run/scripts/.dacecache/atax/build/CMakeFiles/CMakeTmp'
Building C object CMakeFiles/cmTC_5ab44.dir/CheckFunctionExists.c.o
/shared/home/ccuser/ReproducibilityChallenge/compile/spack-0.18.1/opt/spack/linux-ubuntu18.04-zen/gcc-7.5.0/gcc-10.2.0-s24g77kg7o56escg2hn44tvbrwxg7pwh/bin/gcc   -DCHECK_FUNCTION_EXISTS=pthread_create -o CMakeFiles/cmTC_5ab44.dir/CheckFunctionExists.c.o -c /shared/home/ccuser/ReproducibilityChallenge/compile/spack-0.18.1/opt/spack/linux-ubuntu18.04-skylake_avx512/gcc-10.2.0/cmake-3.23.1-7fbvfttztcajdfy7n7uqczwpopzdbecr/share/cmake-3.23/Modules/CheckFunctionExists.c
Linking C executable cmTC_5ab44
/shared/home/ccuser/ReproducibilityChallenge/compile/spack-0.18.1/opt/spack/linux-ubuntu18.04-skylake_avx512/gcc-10.2.0/cmake-3.23.1-7fbvfttztcajdfy7n7uqczwpopzdbecr/bin/cmake -E cmake_link_script CMakeFiles/cmTC_5ab44.dir/link.txt --verbose=1
/shared/home/ccuser/ReproducibilityChallenge/compile/spack-0.18.1/opt/spack/linux-ubuntu18.04-zen/gcc-7.5.0/gcc-10.2.0-s24g77kg7o56escg2hn44tvbrwxg7pwh/bin/gcc  -DCHECK_FUNCTION_EXISTS=pthread_create CMakeFiles/cmTC_5ab44.dir/CheckFunctionExists.c.o -o cmTC_5ab44  -lpthreads 
/usr/bin/ld: cannot find -lpthreads
collect2: error: ld returned 1 exit status
CMakeFiles/cmTC_5ab44.dir/build.make:98: recipe for target 'cmTC_5ab44' failed
make[1]: *** [cmTC_5ab44] Error 1
make[1]: Leaving directory '/shared/home/ccuser/ReproducibilityChallenge/run/scripts/.dacecache/atax/build/CMakeFiles/CMakeTmp'
Makefile:127: recipe for target 'cmTC_5ab44/fast' failed
make: *** [cmTC_5ab44/fast] Error 2



